<?xml version="1.0" encoding="UTF-8"?>
<testsuite xmlns:xsi="http://www.w3.org/2001/XMLSchema-instance" xsi:noNamespaceSchemaLocation="https://maven.apache.org/surefire/maven-surefire-plugin/xsd/surefire-test-report.xsd" version="3.0.2" name="com.github_actions.controller.ControllerTest" time="0.677" tests="2" errors="0" skipped="0" failures="1">
  <properties>
[...]
</properties>
  <testcase name="testMensajeEndpoint" classname="com.github_actions.controller.ControllerTest" time="0.183">
    <system-out><![CDATA[2025-11-18T09:55:54.632-06:00  INFO 14672 --- [api-springboot] [           main] t.c.s.AnnotationConfigContextLoaderUtils : Could not detect default configuration classes for test class [com.github_actions.controller.ControllerTest]: ControllerTest does not declare any static, non-private, non-final, nested classes annotated with @Configuration.
2025-11-18T09:55:54.726-06:00  INFO 14672 --- [api-springboot] [           main] .b.t.c.SpringBootTestContextBootstrapper : Found @SpringBootConfiguration com.github_actions.ApiSpringbootApplication for test class com.github_actions.controller.ControllerTest
2025-11-18T09:55:54.734-06:00  INFO 14672 --- [api-springboot] [           main] o.s.b.d.r.RestartApplicationListener     : Restart disabled due to context in which it is running

  .   ____          _            __ _ _
 /\\ / ___'_ __ _ _(_)_ __  __ _ \ \ \ \
( ( )\___ | '_ | '_| | '_ \/ _` | \ \ \ \
 \\/  ___)| |_)| | | | | || (_| |  ) ) ) )
  '  |____| .__|_| |_|_| |_\__, | / / / /
 =========|_|==============|___/=/_/_/_/

 :: Spring Boot ::                (v3.5.7)

2025-11-18T09:55:54.776-06:00  INFO 14672 --- [api-springboot] [           main] c.g.controller.ControllerTest            : Starting ControllerTest using Java 17.0.12 with PID 14672 (started by jamendozag in C:\Users\jamendozag\OneDrive - Indra\Documentos\ProyectosSpring\api-springboot)
2025-11-18T09:55:54.776-06:00  INFO 14672 --- [api-springboot] [           main] c.g.controller.ControllerTest            : No active profile set, falling back to 1 default profile: "default"
2025-11-18T09:55:55.045-06:00  INFO 14672 --- [api-springboot] [           main] o.s.b.t.m.w.SpringBootMockServletContext : Initializing Spring TestDispatcherServlet ''
2025-11-18T09:55:55.045-06:00  INFO 14672 --- [api-springboot] [           main] o.s.t.web.servlet.TestDispatcherServlet  : Initializing Servlet ''
2025-11-18T09:55:55.045-06:00  INFO 14672 --- [api-springboot] [           main] o.s.t.web.servlet.TestDispatcherServlet  : Completed initialization in 0 ms
2025-11-18T09:55:55.079-06:00  INFO 14672 --- [api-springboot] [           main] c.g.controller.ControllerTest            : Started ControllerTest in 0.345 seconds (process running for 14.563)
]]></system-out>
  </testcase>
  <testcase name="testMensajeEndpointFailed" classname="com.github_actions.controller.ControllerTest" time="0.019">
    <failure message="expected: &lt;true&gt; but was: &lt;false&gt;" type="org.opentest4j.AssertionFailedError"><![CDATA[org.opentest4j.AssertionFailedError: expected: <true> but was: <false>
	at org.junit.jupiter.api.AssertionFailureBuilder.build(AssertionFailureBuilder.java:151)
	at org.junit.jupiter.api.AssertionFailureBuilder.buildAndThrow(AssertionFailureBuilder.java:132)
	at org.junit.jupiter.api.AssertTrue.failNotTrue(AssertTrue.java:63)
	at org.junit.jupiter.api.AssertTrue.assertTrue(AssertTrue.java:36)
	at org.junit.jupiter.api.AssertTrue.assertTrue(AssertTrue.java:31)
	at org.junit.jupiter.api.Assertions.assertTrue(Assertions.java:183)
	at com.github_actions.controller.ControllerTest.testMensajeEndpointFailed(ControllerTest.java:27)
	at java.base/java.lang.reflect.Method.invoke(Method.java:568)
	at java.base/java.util.ArrayList.forEach(ArrayList.java:1511)
	at java.base/java.util.ArrayList.forEach(ArrayList.java:1511)
]]></failure>
    <system-out><![CDATA[
MockHttpServletRequest:
      HTTP Method = GET
      Request URI = /
       Parameters = {}
          Headers = []
             Body = null
    Session Attrs = {}

Handler:
             Type = com.github_actions.controller.Controller
           Method = com.github_actions.controller.Controller#mensaje()

Async:
    Async started = false
     Async result = null

Resolved Exception:
             Type = null

ModelAndView:
        View name = null
             View = null
            Model = null

FlashMap:
       Attributes = null

MockHttpServletResponse:
           Status = 200
    Error message = null
          Headers = [Content-Type:"text/plain;charset=UTF-8", Content-Length:"17"]
     Content type = text/plain;charset=UTF-8
             Body = Prueba controller
    Forwarded URL = null
   Redirected URL = null
          Cookies = []
]]></system-out>
  </testcase>
</testsuite>